<?xml version="1.0" encoding="UTF-8"?>
<testsuite name="com.pillar.legacyrescue.OrderTest" tests="1" skipped="0" failures="0" errors="0" timestamp="2015-08-28T14:44:17" hostname="Bretts-MacBook-Pro.local" time="0.007">
  <properties/>
  <testcase name="getSummary_WithoutProducts_ReturnsSummary" classname="com.pillar.legacyrescue.OrderTest" time="0.007"/>
  <system-out><![CDATA[]]></system-out>
  <system-err><![CDATA[]]></system-err>
</testsuite>
